00:00:33.442 Table counts: notes: 437, revisions: 444, attachments: 1, branches: 459, attributes: 693, etapi_tokens: 0, blobs: 523
00:00:33.449 All consistency checks passed with no errors detected (took 7ms)
00:01:14.482 204 PUT /api/branches/root_DPWeatDioCdv/expanded/0 with 0 bytes took 1ms
00:01:22.935 204 PUT /api/branches/root_DPWeatDioCdv/expanded/1 with 0 bytes took 0ms
00:01:23.847 204 PUT /api/branches/root_DPWeatDioCdv/expanded/0 with 0 bytes took 0ms
00:10:05.636 204 PUT /api/notes/4Ws8bOGl70Sf/data with 0 bytes took 1ms
00:10:06.644 204 PUT /api/notes/4Ws8bOGl70Sf/data with 0 bytes took 1ms
00:10:06.649 204 PUT /api/notes/4Ws8bOGl70Sf/data with 0 bytes took 1ms
00:10:06.651 204 PUT /api/notes/4Ws8bOGl70Sf/data with 0 bytes took 0ms
00:10:07.664 204 PUT /api/notes/4Ws8bOGl70Sf/data with 0 bytes took 0ms
00:10:10.193 204 PUT /api/notes/4Ws8bOGl70Sf/data with 0 bytes took 1ms
00:10:11.667 204 PUT /api/notes/4Ws8bOGl70Sf/data with 0 bytes took 1ms
00:10:13.847 204 PUT /api/notes/4Ws8bOGl70Sf/data with 0 bytes took 1ms
00:10:19.794 204 PUT /api/notes/4Ws8bOGl70Sf/data with 0 bytes took 1ms
00:10:20.830 Slow 204 PUT /api/notes/4Ws8bOGl70Sf/data with 0 bytes took 27ms
00:10:21.847 204 PUT /api/notes/4Ws8bOGl70Sf/data with 0 bytes took 5ms
00:10:21.847 204 PUT /api/notes/4Ws8bOGl70Sf/data with 0 bytes took 0ms
00:10:22.855 204 PUT /api/notes/4Ws8bOGl70Sf/data with 0 bytes took 0ms
00:10:23.862 204 PUT /api/notes/4Ws8bOGl70Sf/data with 0 bytes took 1ms
00:10:23.866 204 PUT /api/notes/4Ws8bOGl70Sf/data with 0 bytes took 0ms
00:10:23.868 204 PUT /api/notes/4Ws8bOGl70Sf/data with 0 bytes took 0ms
00:10:24.880 204 PUT /api/notes/4Ws8bOGl70Sf/data with 0 bytes took 1ms
00:10:24.884 204 PUT /api/notes/4Ws8bOGl70Sf/data with 0 bytes took 0ms
00:10:24.887 204 PUT /api/notes/4Ws8bOGl70Sf/data with 0 bytes took 0ms
00:10:24.890 204 PUT /api/notes/4Ws8bOGl70Sf/data with 0 bytes took 0ms
00:10:25.903 204 PUT /api/notes/4Ws8bOGl70Sf/data with 0 bytes took 1ms
00:10:26.910 204 PUT /api/notes/4Ws8bOGl70Sf/data with 0 bytes took 1ms
00:10:26.912 204 PUT /api/notes/4Ws8bOGl70Sf/data with 0 bytes took 0ms
00:10:27.927 204 PUT /api/notes/4Ws8bOGl70Sf/data with 0 bytes took 1ms
00:10:29.721 204 PUT /api/notes/4Ws8bOGl70Sf/data with 0 bytes took 1ms
00:10:35.909 204 PUT /api/notes/4Ws8bOGl70Sf/data with 0 bytes took 1ms
00:10:36.917 204 PUT /api/notes/4Ws8bOGl70Sf/data with 0 bytes took 0ms
00:10:37.923 204 PUT /api/notes/4Ws8bOGl70Sf/data with 0 bytes took 1ms
00:10:38.933 204 PUT /api/notes/4Ws8bOGl70Sf/data with 0 bytes took 1ms
00:10:46.540 204 PUT /api/notes/4Ws8bOGl70Sf/data with 0 bytes took 1ms
00:10:49.119 204 PUT /api/notes/4Ws8bOGl70Sf/data with 0 bytes took 1ms
00:10:50.129 204 PUT /api/notes/4Ws8bOGl70Sf/data with 0 bytes took 1ms
00:10:58.000 204 PUT /api/notes/4Ws8bOGl70Sf/data with 0 bytes took 1ms
00:10:59.035 204 PUT /api/notes/4Ws8bOGl70Sf/data with 0 bytes took 1ms
00:11:00.774 204 PUT /api/notes/4Ws8bOGl70Sf/data with 0 bytes took 0ms
00:11:02.090 204 PUT /api/notes/4Ws8bOGl70Sf/data with 0 bytes took 1ms
00:11:03.098 204 PUT /api/notes/4Ws8bOGl70Sf/data with 0 bytes took 1ms
00:11:04.105 204 PUT /api/notes/4Ws8bOGl70Sf/data with 0 bytes took 1ms
00:11:04.107 204 PUT /api/notes/4Ws8bOGl70Sf/data with 0 bytes took 0ms
00:11:05.117 204 PUT /api/notes/4Ws8bOGl70Sf/data with 0 bytes took 1ms
00:11:07.314 204 PUT /api/notes/4Ws8bOGl70Sf/data with 0 bytes took 1ms
00:11:08.446 204 PUT /api/notes/4Ws8bOGl70Sf/data with 0 bytes took 0ms
00:11:09.452 204 PUT /api/notes/4Ws8bOGl70Sf/data with 0 bytes took 0ms
00:11:10.459 204 PUT /api/notes/4Ws8bOGl70Sf/data with 0 bytes took 1ms
00:11:12.783 204 PUT /api/notes/4Ws8bOGl70Sf/data with 0 bytes took 1ms
00:11:14.129 204 PUT /api/notes/4Ws8bOGl70Sf/data with 0 bytes took 1ms
00:11:15.775 204 PUT /api/notes/4Ws8bOGl70Sf/data with 0 bytes took 1ms
00:11:16.960 204 PUT /api/notes/4Ws8bOGl70Sf/data with 0 bytes took 1ms
00:11:18.049 204 PUT /api/notes/4Ws8bOGl70Sf/data with 0 bytes took 1ms
00:11:20.065 204 PUT /api/notes/4Ws8bOGl70Sf/data with 0 bytes took 1ms
00:11:21.340 204 PUT /api/notes/4Ws8bOGl70Sf/data with 0 bytes took 1ms
00:11:22.448 204 PUT /api/notes/4Ws8bOGl70Sf/data with 0 bytes took 1ms
00:11:32.450 200 GET /api/notes/4Ws8bOGl70Sf/metadata with 181 bytes took 0ms
00:11:33.646 204 PUT /api/notes/4Ws8bOGl70Sf/data with 0 bytes took 1ms
00:11:35.231 204 PUT /api/notes/4Ws8bOGl70Sf/data with 0 bytes took 1ms
00:11:36.530 204 PUT /api/notes/4Ws8bOGl70Sf/data with 0 bytes took 1ms
00:11:39.373 204 PUT /api/notes/4Ws8bOGl70Sf/data with 0 bytes took 1ms
00:11:43.548 204 PUT /api/notes/4Ws8bOGl70Sf/data with 0 bytes took 1ms
00:11:44.849 204 PUT /api/notes/4Ws8bOGl70Sf/data with 0 bytes took 1ms
00:11:48.359 204 PUT /api/notes/4Ws8bOGl70Sf/data with 0 bytes took 1ms
00:11:49.828 204 PUT /api/notes/4Ws8bOGl70Sf/data with 0 bytes took 1ms
00:11:53.065 204 PUT /api/notes/4Ws8bOGl70Sf/data with 0 bytes took 1ms
00:12:03.069 200 GET /api/notes/4Ws8bOGl70Sf/metadata with 181 bytes took 0ms
00:13:43.326 204 PUT /api/notes/4Ws8bOGl70Sf/data with 0 bytes took 1ms
00:13:44.334 204 PUT /api/notes/4Ws8bOGl70Sf/data with 0 bytes took 0ms
00:13:44.338 204 PUT /api/notes/4Ws8bOGl70Sf/data with 0 bytes took 0ms
00:13:45.350 204 PUT /api/notes/4Ws8bOGl70Sf/data with 0 bytes took 1ms
00:13:46.358 204 PUT /api/notes/4Ws8bOGl70Sf/data with 0 bytes took 1ms
00:13:46.361 204 PUT /api/notes/4Ws8bOGl70Sf/data with 0 bytes took 0ms
00:13:47.374 204 PUT /api/notes/4Ws8bOGl70Sf/data with 0 bytes took 1ms
00:13:47.380 204 PUT /api/notes/4Ws8bOGl70Sf/data with 0 bytes took 0ms
00:13:49.357 204 PUT /api/notes/4Ws8bOGl70Sf/data with 0 bytes took 1ms
00:13:50.368 204 PUT /api/notes/4Ws8bOGl70Sf/data with 0 bytes took 1ms
00:13:53.573 204 PUT /api/notes/4Ws8bOGl70Sf/data with 0 bytes took 1ms
00:13:54.609 Slow 204 PUT /api/notes/4Ws8bOGl70Sf/data with 0 bytes took 17ms
00:13:55.618 204 PUT /api/notes/4Ws8bOGl70Sf/data with 0 bytes took 3ms
00:13:55.619 204 PUT /api/notes/4Ws8bOGl70Sf/data with 0 bytes took 0ms
00:13:56.633 204 PUT /api/notes/4Ws8bOGl70Sf/data with 0 bytes took 2ms
00:13:57.645 204 PUT /api/notes/4Ws8bOGl70Sf/data with 0 bytes took 1ms
00:13:59.807 204 PUT /api/notes/4Ws8bOGl70Sf/data with 0 bytes took 1ms
00:14:01.472 204 PUT /api/notes/4Ws8bOGl70Sf/data with 0 bytes took 1ms
00:14:03.288 204 PUT /api/notes/4Ws8bOGl70Sf/data with 0 bytes took 1ms
00:14:05.369 204 PUT /api/notes/4Ws8bOGl70Sf/data with 0 bytes took 1ms
00:14:11.403 204 PUT /api/notes/4Ws8bOGl70Sf/data with 0 bytes took 1ms
00:14:21.406 200 GET /api/notes/4Ws8bOGl70Sf/metadata with 181 bytes took 0ms
00:15:09.895 204 PUT /api/notes/4Ws8bOGl70Sf/data with 0 bytes took 0ms
00:15:11.139 204 PUT /api/notes/4Ws8bOGl70Sf/data with 0 bytes took 1ms
00:15:12.147 204 PUT /api/notes/4Ws8bOGl70Sf/data with 0 bytes took 0ms
00:15:12.154 204 PUT /api/notes/4Ws8bOGl70Sf/data with 0 bytes took 0ms
00:15:13.166 204 PUT /api/notes/4Ws8bOGl70Sf/data with 0 bytes took 1ms
00:15:13.168 204 PUT /api/notes/4Ws8bOGl70Sf/data with 0 bytes took 0ms
00:15:14.182 204 PUT /api/notes/4Ws8bOGl70Sf/data with 0 bytes took 1ms
00:15:14.187 204 PUT /api/notes/4Ws8bOGl70Sf/data with 0 bytes took 0ms
00:15:14.191 204 PUT /api/notes/4Ws8bOGl70Sf/data with 0 bytes took 0ms
00:15:14.196 204 PUT /api/notes/4Ws8bOGl70Sf/data with 0 bytes took 0ms
00:15:15.211 204 PUT /api/notes/4Ws8bOGl70Sf/data with 0 bytes took 1ms
00:15:15.216 204 PUT /api/notes/4Ws8bOGl70Sf/data with 0 bytes took 0ms
00:15:16.229 204 PUT /api/notes/4Ws8bOGl70Sf/data with 0 bytes took 1ms
00:15:17.239 204 PUT /api/notes/4Ws8bOGl70Sf/data with 0 bytes took 1ms
00:15:18.250 204 PUT /api/notes/4Ws8bOGl70Sf/data with 0 bytes took 1ms
00:15:26.297 204 PUT /api/notes/4Ws8bOGl70Sf/data with 0 bytes took 1ms
00:15:27.308 204 PUT /api/notes/4Ws8bOGl70Sf/data with 0 bytes took 1ms
00:15:37.308 200 GET /api/notes/4Ws8bOGl70Sf/metadata with 181 bytes took 0ms
00:15:38.785 204 PUT /api/notes/4Ws8bOGl70Sf/data with 0 bytes took 1ms
00:15:39.793 204 PUT /api/notes/4Ws8bOGl70Sf/data with 0 bytes took 1ms
00:15:41.178 204 PUT /api/notes/4Ws8bOGl70Sf/data with 0 bytes took 1ms
00:15:43.097 204 PUT /api/notes/4Ws8bOGl70Sf/data with 0 bytes took 1ms
00:15:53.100 200 GET /api/notes/4Ws8bOGl70Sf/metadata with 181 bytes took 0ms
00:15:57.531 204 PUT /api/notes/4Ws8bOGl70Sf/data with 0 bytes took 1ms
00:15:58.538 204 PUT /api/notes/4Ws8bOGl70Sf/data with 0 bytes took 0ms
00:15:58.540 204 PUT /api/notes/4Ws8bOGl70Sf/data with 0 bytes took 0ms
00:15:59.552 204 PUT /api/notes/4Ws8bOGl70Sf/data with 0 bytes took 1ms
00:15:59.557 204 PUT /api/notes/4Ws8bOGl70Sf/data with 0 bytes took 0ms
00:16:00.570 204 PUT /api/notes/4Ws8bOGl70Sf/data with 0 bytes took 1ms
00:16:00.575 204 PUT /api/notes/4Ws8bOGl70Sf/data with 0 bytes took 0ms
00:16:01.590 204 PUT /api/notes/4Ws8bOGl70Sf/data with 0 bytes took 1ms
00:16:02.595 204 PUT /api/notes/4Ws8bOGl70Sf/data with 0 bytes took 1ms
00:16:02.598 204 PUT /api/notes/4Ws8bOGl70Sf/data with 0 bytes took 0ms
00:16:03.610 204 PUT /api/notes/4Ws8bOGl70Sf/data with 0 bytes took 1ms
00:16:03.613 204 PUT /api/notes/4Ws8bOGl70Sf/data with 0 bytes took 0ms
00:16:03.617 204 PUT /api/notes/4Ws8bOGl70Sf/data with 0 bytes took 0ms
00:16:04.631 204 PUT /api/notes/4Ws8bOGl70Sf/data with 0 bytes took 1ms
00:16:04.634 204 PUT /api/notes/4Ws8bOGl70Sf/data with 0 bytes took 0ms
00:16:04.637 204 PUT /api/notes/4Ws8bOGl70Sf/data with 0 bytes took 0ms
00:16:14.640 200 GET /api/notes/4Ws8bOGl70Sf/metadata with 181 bytes took 0ms
00:16:42.734 204 PUT /api/notes/4Ws8bOGl70Sf/data with 0 bytes took 1ms
00:16:44.658 204 PUT /api/notes/4Ws8bOGl70Sf/data with 0 bytes took 1ms
00:16:45.668 204 PUT /api/notes/4Ws8bOGl70Sf/data with 0 bytes took 1ms
00:16:45.673 204 PUT /api/notes/4Ws8bOGl70Sf/data with 0 bytes took 0ms
00:16:55.676 200 GET /api/notes/4Ws8bOGl70Sf/metadata with 181 bytes took 1ms
00:17:07.900 204 PUT /api/options with 0 bytes took 0ms
00:17:07.909 200 GET /api/note-map/36J3c58v4MNO/backlink-count with 11 bytes took 0ms
00:17:17.195 204 PUT /api/options with 0 bytes took 1ms
00:17:17.202 200 GET /api/note-map/4Ws8bOGl70Sf/backlink-count with 11 bytes took 0ms
00:17:34.715 204 PUT /api/notes/4Ws8bOGl70Sf/data with 0 bytes took 1ms
00:17:35.725 204 PUT /api/notes/4Ws8bOGl70Sf/data with 0 bytes took 1ms
00:17:35.732 204 PUT /api/notes/4Ws8bOGl70Sf/data with 0 bytes took 0ms
00:17:36.746 204 PUT /api/notes/4Ws8bOGl70Sf/data with 0 bytes took 1ms
00:17:36.752 204 PUT /api/notes/4Ws8bOGl70Sf/data with 0 bytes took 0ms
00:17:36.757 204 PUT /api/notes/4Ws8bOGl70Sf/data with 0 bytes took 0ms
00:17:36.761 204 PUT /api/notes/4Ws8bOGl70Sf/data with 0 bytes took 0ms
00:17:36.764 204 PUT /api/notes/4Ws8bOGl70Sf/data with 0 bytes took 0ms
00:17:37.778 204 PUT /api/notes/4Ws8bOGl70Sf/data with 0 bytes took 1ms
00:17:37.783 204 PUT /api/notes/4Ws8bOGl70Sf/data with 0 bytes took 0ms
00:17:37.788 204 PUT /api/notes/4Ws8bOGl70Sf/data with 0 bytes took 1ms
00:17:38.800 204 PUT /api/notes/4Ws8bOGl70Sf/data with 0 bytes took 1ms
00:17:38.804 204 PUT /api/notes/4Ws8bOGl70Sf/data with 0 bytes took 0ms
00:17:39.816 204 PUT /api/notes/4Ws8bOGl70Sf/data with 0 bytes took 0ms
00:17:40.823 204 PUT /api/notes/4Ws8bOGl70Sf/data with 0 bytes took 0ms
00:17:40.827 204 PUT /api/notes/4Ws8bOGl70Sf/data with 0 bytes took 0ms
00:17:40.830 204 PUT /api/notes/4Ws8bOGl70Sf/data with 0 bytes took 0ms
00:17:40.836 204 PUT /api/notes/4Ws8bOGl70Sf/data with 0 bytes took 0ms
00:17:40.839 204 PUT /api/notes/4Ws8bOGl70Sf/data with 0 bytes took 0ms
00:17:41.854 204 PUT /api/notes/4Ws8bOGl70Sf/data with 0 bytes took 1ms
00:17:41.858 204 PUT /api/notes/4Ws8bOGl70Sf/data with 0 bytes took 0ms
00:17:41.862 204 PUT /api/notes/4Ws8bOGl70Sf/data with 0 bytes took 0ms
00:17:41.865 204 PUT /api/notes/4Ws8bOGl70Sf/data with 0 bytes took 0ms
00:17:42.879 204 PUT /api/notes/4Ws8bOGl70Sf/data with 0 bytes took 1ms
00:17:42.884 204 PUT /api/notes/4Ws8bOGl70Sf/data with 0 bytes took 0ms
00:17:42.903 204 PUT /api/notes/4Ws8bOGl70Sf/data with 0 bytes took 0ms
00:17:44.829 204 PUT /api/options with 0 bytes took 1ms
00:17:44.836 200 GET /api/note-map/36J3c58v4MNO/backlink-count with 11 bytes took 0ms
00:17:48.448 204 PUT /api/notes/36J3c58v4MNO/data with 0 bytes took 2ms
00:17:49.472 204 PUT /api/notes/36J3c58v4MNO/data with 0 bytes took 1ms
00:17:49.492 204 PUT /api/notes/36J3c58v4MNO/data with 0 bytes took 1ms
00:17:49.511 204 PUT /api/notes/36J3c58v4MNO/data with 0 bytes took 0ms
00:17:50.566 Slow 204 PUT /api/notes/36J3c58v4MNO/data with 0 bytes took 22ms
00:17:50.576 204 PUT /api/notes/36J3c58v4MNO/data with 0 bytes took 5ms
00:17:50.590 204 PUT /api/notes/36J3c58v4MNO/data with 0 bytes took 1ms
00:17:50.607 204 PUT /api/notes/36J3c58v4MNO/data with 0 bytes took 0ms
00:17:50.622 204 PUT /api/notes/36J3c58v4MNO/data with 0 bytes took 1ms
00:17:51.661 204 PUT /api/notes/36J3c58v4MNO/data with 0 bytes took 1ms
00:17:51.678 204 PUT /api/notes/36J3c58v4MNO/data with 0 bytes took 1ms
00:17:52.706 204 PUT /api/notes/36J3c58v4MNO/data with 0 bytes took 1ms
00:17:52.720 204 PUT /api/notes/36J3c58v4MNO/data with 0 bytes took 0ms
00:17:52.912 200 GET /api/notes/4Ws8bOGl70Sf/metadata with 181 bytes took 0ms
00:17:53.752 204 PUT /api/notes/36J3c58v4MNO/data with 0 bytes took 1ms
00:17:53.765 204 PUT /api/notes/36J3c58v4MNO/data with 0 bytes took 0ms
00:17:53.784 204 PUT /api/notes/36J3c58v4MNO/data with 0 bytes took 1ms
00:17:54.815 204 PUT /api/notes/36J3c58v4MNO/data with 0 bytes took 2ms
00:17:54.828 204 PUT /api/notes/36J3c58v4MNO/data with 0 bytes took 1ms
00:17:54.843 204 PUT /api/notes/36J3c58v4MNO/data with 0 bytes took 0ms
00:17:55.871 204 PUT /api/notes/36J3c58v4MNO/data with 0 bytes took 1ms
00:17:55.887 204 PUT /api/notes/36J3c58v4MNO/data with 0 bytes took 0ms
00:17:56.917 204 PUT /api/notes/36J3c58v4MNO/data with 0 bytes took 1ms
00:17:56.929 204 PUT /api/notes/36J3c58v4MNO/data with 0 bytes took 0ms
00:17:56.942 204 PUT /api/notes/36J3c58v4MNO/data with 0 bytes took 0ms
00:17:57.972 204 PUT /api/notes/36J3c58v4MNO/data with 0 bytes took 1ms
00:17:57.988 204 PUT /api/notes/36J3c58v4MNO/data with 0 bytes took 1ms
00:17:59.015 204 PUT /api/notes/36J3c58v4MNO/data with 0 bytes took 1ms
00:18:00.034 204 PUT /api/notes/36J3c58v4MNO/data with 0 bytes took 2ms
00:18:08.781 204 PUT /api/options with 0 bytes took 1ms
00:18:08.789 200 GET /api/note-map/4Ws8bOGl70Sf/backlink-count with 11 bytes took 0ms
00:18:10.035 200 GET /api/notes/36J3c58v4MNO/metadata with 181 bytes took 0ms
00:18:25.700 204 PUT /api/notes/4Ws8bOGl70Sf/data with 0 bytes took 1ms
00:18:26.714 204 PUT /api/notes/4Ws8bOGl70Sf/data with 0 bytes took 0ms
00:18:27.723 204 PUT /api/notes/4Ws8bOGl70Sf/data with 0 bytes took 1ms
00:18:27.730 204 PUT /api/notes/4Ws8bOGl70Sf/data with 0 bytes took 0ms
00:18:30.567 204 PUT /api/notes/4Ws8bOGl70Sf/data with 0 bytes took 1ms
00:18:31.576 204 PUT /api/notes/4Ws8bOGl70Sf/data with 0 bytes took 1ms
00:18:31.582 204 PUT /api/notes/4Ws8bOGl70Sf/data with 0 bytes took 1ms
00:18:31.586 204 PUT /api/notes/4Ws8bOGl70Sf/data with 0 bytes took 0ms
00:18:32.599 204 PUT /api/notes/4Ws8bOGl70Sf/data with 0 bytes took 1ms
00:18:32.605 204 PUT /api/notes/4Ws8bOGl70Sf/data with 0 bytes took 0ms
00:18:37.772 204 PUT /api/notes/4Ws8bOGl70Sf/data with 0 bytes took 1ms
00:18:38.785 204 PUT /api/notes/4Ws8bOGl70Sf/data with 0 bytes took 1ms
00:18:38.794 204 PUT /api/notes/4Ws8bOGl70Sf/data with 0 bytes took 1ms
00:18:39.809 204 PUT /api/notes/4Ws8bOGl70Sf/data with 0 bytes took 1ms
00:18:39.815 204 PUT /api/notes/4Ws8bOGl70Sf/data with 0 bytes took 0ms
00:18:41.047 204 PUT /api/notes/4Ws8bOGl70Sf/data with 0 bytes took 1ms
00:18:42.055 204 PUT /api/notes/4Ws8bOGl70Sf/data with 0 bytes took 1ms
00:18:42.058 204 PUT /api/notes/4Ws8bOGl70Sf/data with 0 bytes took 0ms
00:18:45.712 204 PUT /api/notes/4Ws8bOGl70Sf/data with 0 bytes took 1ms
00:18:46.721 204 PUT /api/notes/4Ws8bOGl70Sf/data with 0 bytes took 1ms
00:18:47.731 204 PUT /api/notes/4Ws8bOGl70Sf/data with 0 bytes took 1ms
00:18:47.734 204 PUT /api/notes/4Ws8bOGl70Sf/data with 0 bytes took 0ms
00:18:48.747 204 PUT /api/notes/4Ws8bOGl70Sf/data with 0 bytes took 1ms
00:18:48.749 204 PUT /api/notes/4Ws8bOGl70Sf/data with 0 bytes took 0ms
00:18:49.761 204 PUT /api/notes/4Ws8bOGl70Sf/data with 0 bytes took 1ms
00:18:49.764 204 PUT /api/notes/4Ws8bOGl70Sf/data with 0 bytes took 1ms
00:18:56.114 204 PUT /api/notes/4Ws8bOGl70Sf/data with 0 bytes took 1ms
00:18:57.123 204 PUT /api/notes/4Ws8bOGl70Sf/data with 0 bytes took 1ms
00:18:57.128 204 PUT /api/notes/4Ws8bOGl70Sf/data with 0 bytes took 0ms
00:18:57.132 204 PUT /api/notes/4Ws8bOGl70Sf/data with 0 bytes took 0ms
00:18:57.138 204 PUT /api/notes/4Ws8bOGl70Sf/data with 0 bytes took 0ms
00:18:58.150 204 PUT /api/notes/4Ws8bOGl70Sf/data with 0 bytes took 1ms
00:18:58.156 204 PUT /api/notes/4Ws8bOGl70Sf/data with 0 bytes took 0ms
00:18:58.160 204 PUT /api/notes/4Ws8bOGl70Sf/data with 0 bytes took 1ms
00:18:59.173 204 PUT /api/notes/4Ws8bOGl70Sf/data with 0 bytes took 1ms
00:18:59.176 204 PUT /api/notes/4Ws8bOGl70Sf/data with 0 bytes took 0ms
00:18:59.179 204 PUT /api/notes/4Ws8bOGl70Sf/data with 0 bytes took 0ms
00:19:00.196 204 PUT /api/notes/4Ws8bOGl70Sf/data with 0 bytes took 1ms
00:19:03.599 204 PUT /api/notes/4Ws8bOGl70Sf/data with 0 bytes took 1ms
00:19:04.609 204 PUT /api/notes/4Ws8bOGl70Sf/data with 0 bytes took 1ms
00:19:11.146 204 PUT /api/notes/4Ws8bOGl70Sf/data with 0 bytes took 1ms
00:19:12.156 204 PUT /api/notes/4Ws8bOGl70Sf/data with 0 bytes took 1ms
00:19:12.162 204 PUT /api/notes/4Ws8bOGl70Sf/data with 0 bytes took 1ms
00:19:12.166 204 PUT /api/notes/4Ws8bOGl70Sf/data with 0 bytes took 0ms
00:19:13.179 204 PUT /api/notes/4Ws8bOGl70Sf/data with 0 bytes took 1ms
00:19:13.181 204 PUT /api/notes/4Ws8bOGl70Sf/data with 0 bytes took 0ms
00:19:13.184 204 PUT /api/notes/4Ws8bOGl70Sf/data with 0 bytes took 0ms
00:19:14.198 204 PUT /api/notes/4Ws8bOGl70Sf/data with 0 bytes took 1ms
00:19:21.091 Slow 204 PUT /api/notes/4Ws8bOGl70Sf/data with 0 bytes took 37ms
00:19:22.102 204 PUT /api/notes/4Ws8bOGl70Sf/data with 0 bytes took 5ms
00:19:22.103 204 PUT /api/notes/4Ws8bOGl70Sf/data with 0 bytes took 0ms
00:19:22.107 204 PUT /api/notes/4Ws8bOGl70Sf/data with 0 bytes took 0ms
00:19:23.122 204 PUT /api/notes/4Ws8bOGl70Sf/data with 0 bytes took 1ms
00:19:24.129 204 PUT /api/notes/4Ws8bOGl70Sf/data with 0 bytes took 1ms
00:19:24.135 204 PUT /api/notes/4Ws8bOGl70Sf/data with 0 bytes took 0ms
00:19:25.147 204 PUT /api/notes/4Ws8bOGl70Sf/data with 0 bytes took 1ms
00:19:25.152 204 PUT /api/notes/4Ws8bOGl70Sf/data with 0 bytes took 0ms
00:19:25.156 204 PUT /api/notes/4Ws8bOGl70Sf/data with 0 bytes took 0ms
00:19:26.171 204 PUT /api/notes/4Ws8bOGl70Sf/data with 0 bytes took 1ms
00:19:26.177 204 PUT /api/notes/4Ws8bOGl70Sf/data with 0 bytes took 0ms
00:19:27.189 204 PUT /api/notes/4Ws8bOGl70Sf/data with 0 bytes took 1ms
00:19:27.195 204 PUT /api/notes/4Ws8bOGl70Sf/data with 0 bytes took 0ms
00:19:27.199 204 PUT /api/notes/4Ws8bOGl70Sf/data with 0 bytes took 0ms
00:19:28.212 204 PUT /api/notes/4Ws8bOGl70Sf/data with 0 bytes took 1ms
00:19:28.217 204 PUT /api/notes/4Ws8bOGl70Sf/data with 0 bytes took 0ms
00:19:28.221 204 PUT /api/notes/4Ws8bOGl70Sf/data with 0 bytes took 0ms
00:19:29.234 204 PUT /api/notes/4Ws8bOGl70Sf/data with 0 bytes took 1ms
00:19:29.240 204 PUT /api/notes/4Ws8bOGl70Sf/data with 0 bytes took 0ms
00:19:29.244 204 PUT /api/notes/4Ws8bOGl70Sf/data with 0 bytes took 0ms
00:19:32.791 204 PUT /api/notes/4Ws8bOGl70Sf/data with 0 bytes took 1ms
00:19:39.106 204 PUT /api/notes/4Ws8bOGl70Sf/data with 0 bytes took 1ms
00:19:41.334 204 PUT /api/notes/4Ws8bOGl70Sf/data with 0 bytes took 1ms
00:19:43.012 204 PUT /api/notes/4Ws8bOGl70Sf/data with 0 bytes took 1ms
00:19:53.016 200 GET /api/notes/4Ws8bOGl70Sf/metadata with 181 bytes took 0ms
00:20:52.306 204 PUT /api/notes/4Ws8bOGl70Sf/data with 0 bytes took 1ms
00:20:54.082 204 PUT /api/notes/4Ws8bOGl70Sf/data with 0 bytes took 1ms
00:20:55.092 204 PUT /api/notes/4Ws8bOGl70Sf/data with 0 bytes took 1ms
00:20:55.099 204 PUT /api/notes/4Ws8bOGl70Sf/data with 0 bytes took 0ms
00:20:56.491 204 PUT /api/notes/4Ws8bOGl70Sf/data with 0 bytes took 1ms
00:20:57.501 204 PUT /api/notes/4Ws8bOGl70Sf/data with 0 bytes took 1ms
00:20:57.508 204 PUT /api/notes/4Ws8bOGl70Sf/data with 0 bytes took 0ms
00:20:57.513 204 PUT /api/notes/4Ws8bOGl70Sf/data with 0 bytes took 0ms
00:20:58.526 204 PUT /api/notes/4Ws8bOGl70Sf/data with 0 bytes took 1ms
00:20:58.531 204 PUT /api/notes/4Ws8bOGl70Sf/data with 0 bytes took 0ms
00:20:58.536 204 PUT /api/notes/4Ws8bOGl70Sf/data with 0 bytes took 0ms
00:20:58.540 204 PUT /api/notes/4Ws8bOGl70Sf/data with 0 bytes took 0ms
00:20:59.552 204 PUT /api/notes/4Ws8bOGl70Sf/data with 0 bytes took 1ms
00:20:59.555 204 PUT /api/notes/4Ws8bOGl70Sf/data with 0 bytes took 0ms
00:21:00.570 204 PUT /api/notes/4Ws8bOGl70Sf/data with 0 bytes took 1ms
00:21:00.573 204 PUT /api/notes/4Ws8bOGl70Sf/data with 0 bytes took 0ms
00:21:02.701 204 PUT /api/notes/4Ws8bOGl70Sf/data with 0 bytes took 1ms
00:21:12.705 200 GET /api/notes/4Ws8bOGl70Sf/metadata with 181 bytes took 1ms
00:22:07.450 204 PUT /api/notes/4Ws8bOGl70Sf/data with 0 bytes took 1ms
00:22:08.459 204 PUT /api/notes/4Ws8bOGl70Sf/data with 0 bytes took 1ms
00:22:08.462 204 PUT /api/notes/4Ws8bOGl70Sf/data with 0 bytes took 0ms
00:22:10.148 204 PUT /api/notes/4Ws8bOGl70Sf/data with 0 bytes took 1ms
00:22:11.159 204 PUT /api/notes/4Ws8bOGl70Sf/data with 0 bytes took 1ms
00:22:12.515 204 PUT /api/notes/4Ws8bOGl70Sf/data with 0 bytes took 0ms
00:22:22.520 200 GET /api/notes/4Ws8bOGl70Sf/metadata with 181 bytes took 0ms
00:22:29.900 204 PUT /api/notes/4Ws8bOGl70Sf/data with 0 bytes took 1ms
00:22:39.575 204 PUT /api/notes/4Ws8bOGl70Sf/data with 0 bytes took 1ms
00:22:40.587 204 PUT /api/notes/4Ws8bOGl70Sf/data with 0 bytes took 1ms
00:22:46.939 204 PUT /api/branches/root_6ZKWkNedwrGX/expanded/0 with 0 bytes took 1ms
00:22:47.379 204 PUT /api/options with 0 bytes took 0ms
00:22:47.394 200 GET /api/notes/root/metadata with 181 bytes took 0ms
00:22:47.396 200 GET /api/note-map/root/backlink-count with 11 bytes took 0ms
00:22:47.398 200 GET /api/search/note.parents.noteId%3D%22root%22%20%23!archived with 41 bytes took 2ms
00:22:50.592 200 GET /api/notes/4Ws8bOGl70Sf/metadata with 181 bytes took 0ms
00:23:00.901 Sending message to all clients: {"type":"taskProgressCount","taskId":"uYGl7QCrUh","taskType":"export","data":null,"progressCount":0}
00:23:00.906 Exporting note 'root'
00:23:00.907 Exporting note 'DPWeatDioCdv'
00:23:00.907 Exporting note 'YTnaElHb7aaD'
00:23:00.909 Exporting note 'L3jUIbZzy3gz'
00:23:00.910 Exporting note 'gKNvJT5d8sbd'
00:23:00.910 Exporting note 'tSYa33YKDteG'
00:23:00.911 Exporting note 'FfQcgEku23AD'
00:23:00.911 Exporting note 'VOz2JHms2bVx'
00:23:00.912 Exporting note 'LB0ABaeBRPH0'
00:23:00.912 Exporting note 'ugTXmQvaHJlF'
00:23:00.913 Exporting note 'tEB1iaUYBKlz'
00:23:00.914 Exporting note 'oTeBio9XaLcg'
00:23:00.914 Exporting note 'MV7ksT7myawx'
00:23:00.914 Exporting note 'ub0pkqfj1o1A'
00:23:00.914 Exporting note 'hr2YVhBitIm8'
00:23:00.915 Exporting note 'jyoWyE6Nwx7i'
00:23:00.915 Exporting note 'YM5Bo8dUpXUi'
00:23:00.915 Exporting note '1f6Moj3YPEC9'
00:23:00.916 Exporting note '4EMCSKdTuAwc'
00:23:00.916 Exporting note 'iNIQ0LqbZvs2'
00:23:00.916 Exporting note '1qJtedG8UUn0'
00:23:00.916 Exporting note 'S3nHOdkuQUqL'
00:23:00.916 Exporting note 'q7v06kJVrKve'
00:23:00.916 Exporting note 'EbV431pnXE5u'
00:23:00.917 Exporting note 'vsYssUQRfp5c'
00:23:00.917 Exporting note 'wIQw4pIF7xJy'
00:23:00.917 Exporting note 'ehCTqmY8bPXo'
00:23:00.918 Exporting note 'Mg9ZmmaBMUGj'
00:23:00.918 Exporting note 'eRApxrrPrHH0'
00:23:00.918 Exporting note 'IdWDQI4kC8ms'
00:23:00.918 Exporting note 'TeUJb38kB132'
00:23:00.919 Exporting note 'S8Ag6fDAG97s'
00:23:00.919 Exporting note 'eJZGRx4TLJya'
00:23:00.919 Exporting note 'vH9mOS4KaPdl'
00:23:00.920 Exporting note 'zOCISGCVs2ZP'
00:23:00.920 Exporting note 'KgRroUolTt9U'
00:23:00.920 Exporting note 'w4zeXHaLZnoz'
00:23:00.920 Exporting note 'WYXQA2daPiPP'
00:23:00.920 Exporting note 'VfCgNgQnf7OW'
00:23:00.921 Exporting note 'vvX99GF6Zin0'
00:23:00.921 Exporting note 'Yjbj3Ugmx1Eo'
00:23:00.921 Exporting note '62jbqVeW75TA'
00:23:00.921 Exporting note 'mZSeoHJ3BRXI'
00:23:00.922 Exporting note 'HsVCPfRA6Y7g'
00:23:00.922 Exporting note 'afrIHFfbMS0b'
00:23:00.922 Exporting note 'OXYhU5HulFAV'
00:23:00.922 Exporting note '9DSP9ZZhS79Y'
00:23:00.922 Exporting note '58d9jKJ1pzTI'
00:23:00.923 Exporting note 'p3EjTFIJw3dL'
00:23:00.923 Exporting note 'wFGAlLzkKDIJ'
00:23:00.923 Exporting note 'NDfiV9sXLjFY'
00:23:00.924 Exporting note 'M0r3oayNkcmk'
00:23:00.924 Exporting note 'AT8dkKwriK3l'
00:23:00.924 Exporting note 'XPsc9ZFdXF6N'
00:23:00.924 Exporting note 'e997BtixC27x'
00:23:00.924 Exporting note 'EITOpy7VZvw5'
00:23:00.925 Exporting note 'TIZhdXinv1dp'
00:23:00.925 Exporting note 'PYOyAtsL3Ktp'
00:23:00.925 Exporting note 'H4CULUrJbpOv'
00:23:00.926 Exporting note 'auCaySmIwCTi'
00:23:00.926 Exporting note 'QYljuNPeTlkc'
00:23:00.926 Exporting note 'LjcPGAnb13Sb'
00:23:00.927 Exporting note 'LmpQkUtV4y5e'
00:23:00.927 Exporting note 'GSWMTD7URagp'
00:23:00.927 Exporting note 'CG17bJkZPvJh'
00:23:00.927 Exporting note 'jciXxon5IBNL'
00:23:00.927 Exporting note '6ZKWkNedwrGX'
00:23:00.927 Exporting note 'pJ8m4NtyAaYz'
00:23:00.930 Exporting note 'oLclqC0bnFJE'
00:23:00.935 Exporting note '7SRWybuaeni8'
00:23:00.943 Exporting note 'ryOPNnX89y86'
00:23:00.952 Exporting note 'OT5HYYmuHxxy'
00:23:00.952 Exporting note 'bdWUwPf4bqAu'
00:23:00.952 Exporting note 'pzs2XQErQdE7'
00:23:00.957 Exporting note 'rrr6FOK18iTl'
00:23:00.958 Exporting note 'Oriq1auxZZpS'
00:23:00.969 Exporting note 'n8WTTI8sT3PT'
00:23:00.972 Exporting note 'zWRU0NI2swTf'
00:23:00.979 Exporting note 'abEALK9g8bja'
00:23:00.995 Exporting note '36J3c58v4MNO'
00:23:01.025 Exporting note '4Ws8bOGl70Sf'
00:23:01.026 Exporting note 'nE9j2XF3Vzg9'
00:23:01.026 Exporting note 'W8rf8cSwRwJp'
00:23:01.026 Exporting note 'DWCdJhUsYNKD'
00:23:01.028 Exporting note 'jUGJqJDbAe9p'
00:23:01.030 Exporting note 'RGcnNDfxWnz0'
00:23:01.030 Exporting note 'NIPdkaeyPw0g'
00:23:01.031 Exporting note 'QWzJSEKDwKHX'
00:23:01.031 Exporting note 'AEXqBDHe1R9i'
00:23:01.032 Exporting note 'm9lymkonnaAn'
00:23:01.032 Exporting note 'Wv2McZfKZxGR'
00:23:01.032 Exporting note 'JkGICY44NmNh'
00:23:01.032 Exporting note '7WL4d9psSIpB'
00:23:01.033 Exporting note 'kd9RkEh8nbAI'
00:23:01.033 Exporting note 'fKg9czzL4Saq'
00:23:01.034 Exporting note 'qN2QN12ojjxZ'
00:23:01.036 Exporting note 'yKQc7lLkMRm0'
00:23:01.038 Exporting note 'oC5zo34z8xId'
00:23:01.046 Exporting note '6IAaWWzMwxxx'
00:23:01.051 Exporting note 'jAkifihVKiys'
00:23:01.055 Exporting note 'xLNYBdSGubAA'
00:23:01.056 Exporting note 'v05kHY9zwVZy'
00:23:01.059 Exporting note 'qTv63u3Jj94k'
00:23:01.120 Sending message to all clients: {"type":"taskSucceeded","taskId":"uYGl7QCrUh","taskType":"export","data":null,"result":null}
00:25:17.960 204 PUT /api/branches/root_6ZKWkNedwrGX/expanded/1 with 0 bytes took 1ms
00:25:27.696 204 PUT /api/options with 0 bytes took 0ms
00:25:27.702 200 GET /api/notes/7SRWybuaeni8/blob with 13235 bytes took 0ms
00:25:27.711 200 GET /api/notes/7SRWybuaeni8/metadata with 181 bytes took 0ms
00:25:27.712 200 GET /api/search/note.parents.noteId%3D%227SRWybuaeni8%22%20%23!archived with 2 bytes took 1ms
00:25:27.712 200 GET /api/note-map/7SRWybuaeni8/backlink-count with 11 bytes took 0ms
00:26:56.648 200 GET /api/tree?subTreeNoteId=nE9j2XF3Vzg9 with 14178 bytes took 1ms
00:26:56.851 204 PUT /api/branches/6ZKWkNedwrGX_nE9j2XF3Vzg9/expanded/1 with 0 bytes took 0ms
00:26:59.187 204 PUT /api/options with 0 bytes took 0ms
00:26:59.193 200 GET /api/notes/DWCdJhUsYNKD/blob with 1764 bytes took 0ms
00:26:59.202 200 GET /api/notes/DWCdJhUsYNKD/metadata with 181 bytes took 1ms
00:26:59.202 200 GET /api/notes/DWCdJhUsYNKD/attachments with 2 bytes took 0ms
00:26:59.202 200 GET /api/notes/DWCdJhUsYNKD/attachments with 2 bytes took 0ms
00:26:59.202 200 GET /api/note-map/DWCdJhUsYNKD/backlink-count with 11 bytes took 0ms
00:27:05.650 204 PUT /api/options with 0 bytes took 0ms
00:27:05.655 200 GET /api/notes/jUGJqJDbAe9p/blob with 1676 bytes took 1ms
00:27:05.662 200 GET /api/notes/jUGJqJDbAe9p/metadata with 181 bytes took 1ms
00:27:05.662 200 GET /api/notes/jUGJqJDbAe9p/attachments with 2 bytes took 0ms
00:27:05.662 200 GET /api/notes/jUGJqJDbAe9p/attachments with 2 bytes took 0ms
00:27:05.662 200 GET /api/note-map/jUGJqJDbAe9p/backlink-count with 11 bytes took 0ms
00:27:06.669 204 PUT /api/options with 0 bytes took 0ms
00:27:06.673 200 GET /api/notes/RGcnNDfxWnz0/blob with 534 bytes took 0ms
00:27:06.680 200 GET /api/notes/RGcnNDfxWnz0/metadata with 181 bytes took 0ms
00:27:06.680 200 GET /api/notes/RGcnNDfxWnz0/attachments with 2 bytes took 0ms
00:27:06.680 200 GET /api/notes/RGcnNDfxWnz0/attachments with 2 bytes took 0ms
00:27:06.680 200 GET /api/note-map/RGcnNDfxWnz0/backlink-count with 11 bytes took 0ms
00:27:10.887 204 PUT /api/options with 0 bytes took 1ms
00:27:10.891 200 GET /api/notes/DWCdJhUsYNKD/blob with 1764 bytes took 0ms
00:27:10.896 200 GET /api/notes/DWCdJhUsYNKD/metadata with 181 bytes took 0ms
00:27:10.897 200 GET /api/note-map/DWCdJhUsYNKD/backlink-count with 11 bytes took 0ms
00:27:12.665 204 PUT /api/options with 0 bytes took 1ms
00:27:12.668 200 GET /api/notes/jUGJqJDbAe9p/blob with 1676 bytes took 0ms
00:27:12.675 200 GET /api/notes/jUGJqJDbAe9p/metadata with 181 bytes took 1ms
00:27:12.675 200 GET /api/note-map/jUGJqJDbAe9p/backlink-count with 11 bytes took 0ms
00:27:14.240 204 PUT /api/options with 0 bytes took 1ms
00:27:14.244 200 GET /api/notes/QWzJSEKDwKHX/blob with 886 bytes took 0ms
00:27:14.250 200 GET /api/notes/QWzJSEKDwKHX/metadata with 181 bytes took 0ms
00:27:14.251 200 GET /api/notes/QWzJSEKDwKHX/attachments with 2 bytes took 0ms
00:27:14.251 200 GET /api/notes/QWzJSEKDwKHX/attachments with 2 bytes took 0ms
00:27:14.251 200 GET /api/note-map/QWzJSEKDwKHX/backlink-count with 11 bytes took 0ms
00:27:16.717 204 PUT /api/notes/QWzJSEKDwKHX/data with 0 bytes took 2ms
00:27:17.722 204 PUT /api/notes/QWzJSEKDwKHX/data with 0 bytes took 1ms
00:27:18.173 204 PUT /api/options with 0 bytes took 1ms
00:27:18.177 200 GET /api/notes/AEXqBDHe1R9i/blob with 813 bytes took 0ms
00:27:18.183 200 GET /api/notes/AEXqBDHe1R9i/metadata with 181 bytes took 0ms
00:27:18.183 200 GET /api/notes/AEXqBDHe1R9i/attachments with 2 bytes took 0ms
00:27:18.183 200 GET /api/notes/AEXqBDHe1R9i/attachments with 2 bytes took 0ms
00:27:18.183 200 GET /api/note-map/AEXqBDHe1R9i/backlink-count with 11 bytes took 0ms
00:27:19.595 204 PUT /api/notes/AEXqBDHe1R9i/data with 0 bytes took 2ms
00:27:20.601 204 PUT /api/notes/AEXqBDHe1R9i/data with 0 bytes took 1ms
00:27:20.926 204 PUT /api/options with 0 bytes took 1ms
00:27:20.930 200 GET /api/notes/m9lymkonnaAn/blob with 1713 bytes took 1ms
00:27:20.936 200 GET /api/notes/m9lymkonnaAn/metadata with 181 bytes took 0ms
00:27:20.936 200 GET /api/notes/m9lymkonnaAn/attachments with 2 bytes took 0ms
00:27:20.936 200 GET /api/notes/m9lymkonnaAn/attachments with 2 bytes took 0ms
00:27:20.937 200 GET /api/note-map/m9lymkonnaAn/backlink-count with 11 bytes took 0ms
00:27:22.793 204 PUT /api/notes/m9lymkonnaAn/data with 0 bytes took 2ms
00:27:23.802 204 PUT /api/notes/m9lymkonnaAn/data with 0 bytes took 2ms
00:27:24.845 Slow 204 PUT /api/notes/m9lymkonnaAn/data with 0 bytes took 40ms
00:27:24.846 204 PUT /api/notes/m9lymkonnaAn/data with 0 bytes took 0ms
00:27:25.624 204 PUT /api/options with 0 bytes took 4ms
00:27:25.628 200 GET /api/notes/Wv2McZfKZxGR/blob with 310 bytes took 0ms
00:27:25.635 200 GET /api/notes/Wv2McZfKZxGR/metadata with 181 bytes took 0ms
00:27:25.635 200 GET /api/notes/Wv2McZfKZxGR/attachments with 2 bytes took 0ms
00:27:25.635 200 GET /api/notes/Wv2McZfKZxGR/attachments with 2 bytes took 0ms
00:27:25.636 200 GET /api/note-map/Wv2McZfKZxGR/backlink-count with 11 bytes took 1ms
00:27:27.725 200 GET /api/notes/QWzJSEKDwKHX/metadata with 181 bytes took 0ms
00:27:27.855 204 PUT /api/options with 0 bytes took 1ms
00:27:27.858 200 GET /api/notes/JkGICY44NmNh/blob with 382 bytes took 0ms
00:27:27.864 200 GET /api/notes/JkGICY44NmNh/metadata with 181 bytes took 0ms
00:27:27.865 200 GET /api/notes/JkGICY44NmNh/attachments with 2 bytes took 1ms
00:27:27.865 200 GET /api/notes/JkGICY44NmNh/attachments with 2 bytes took 0ms
00:27:27.865 200 GET /api/note-map/JkGICY44NmNh/backlink-count with 11 bytes took 0ms
00:27:29.261 204 PUT /api/notes/JkGICY44NmNh/data with 0 bytes took 1ms
00:27:30.266 204 PUT /api/notes/JkGICY44NmNh/data with 0 bytes took 1ms
00:27:30.602 200 GET /api/notes/AEXqBDHe1R9i/metadata with 181 bytes took 0ms
00:27:31.140 204 PUT /api/options with 0 bytes took 1ms
00:27:31.144 200 GET /api/notes/7WL4d9psSIpB/blob with 806 bytes took 0ms
00:27:31.150 200 GET /api/notes/7WL4d9psSIpB/metadata with 181 bytes took 0ms
00:27:31.150 200 GET /api/notes/7WL4d9psSIpB/attachments with 2 bytes took 0ms
00:27:31.151 200 GET /api/notes/7WL4d9psSIpB/attachments with 2 bytes took 0ms
00:27:31.151 200 GET /api/note-map/7WL4d9psSIpB/backlink-count with 11 bytes took 0ms
00:27:32.671 204 PUT /api/notes/7WL4d9psSIpB/data with 0 bytes took 1ms
00:27:33.676 204 PUT /api/notes/7WL4d9psSIpB/data with 0 bytes took 1ms
00:27:34.846 200 GET /api/notes/m9lymkonnaAn/metadata with 181 bytes took 0ms
00:27:35.313 204 PUT /api/notes/7WL4d9psSIpB/data with 0 bytes took 1ms
00:27:36.700 204 PUT /api/options with 0 bytes took 0ms
00:27:36.703 200 GET /api/notes/kd9RkEh8nbAI/blob with 865 bytes took 0ms
00:27:36.709 200 GET /api/notes/kd9RkEh8nbAI/metadata with 181 bytes took 0ms
00:27:36.709 200 GET /api/notes/kd9RkEh8nbAI/attachments with 2 bytes took 0ms
00:27:36.709 200 GET /api/notes/kd9RkEh8nbAI/attachments with 2 bytes took 0ms
00:27:36.710 200 GET /api/note-map/kd9RkEh8nbAI/backlink-count with 11 bytes took 0ms
00:27:38.249 204 PUT /api/notes/kd9RkEh8nbAI/data with 0 bytes took 1ms
00:27:39.963 204 PUT /api/notes/kd9RkEh8nbAI/data with 0 bytes took 1ms
00:27:40.270 200 GET /api/notes/JkGICY44NmNh/metadata with 181 bytes took 0ms
00:27:40.970 204 PUT /api/notes/kd9RkEh8nbAI/data with 0 bytes took 1ms
00:27:40.973 204 PUT /api/notes/kd9RkEh8nbAI/data with 0 bytes took 0ms
00:27:42.277 204 PUT /api/notes/kd9RkEh8nbAI/data with 0 bytes took 1ms
00:27:43.321 204 PUT /api/notes/kd9RkEh8nbAI/data with 0 bytes took 1ms
00:27:45.316 200 GET /api/notes/7WL4d9psSIpB/metadata with 181 bytes took 0ms
00:27:47.551 204 PUT /api/notes/kd9RkEh8nbAI/data with 0 bytes took 1ms
00:27:48.559 204 PUT /api/notes/kd9RkEh8nbAI/data with 0 bytes took 1ms
00:27:49.187 204 PUT /api/options with 0 bytes took 1ms
00:27:49.191 200 GET /api/notes/7WL4d9psSIpB/blob with 775 bytes took 0ms
00:27:49.197 200 GET /api/notes/7WL4d9psSIpB/metadata with 181 bytes took 0ms
00:27:49.197 200 GET /api/note-map/7WL4d9psSIpB/backlink-count with 11 bytes took 0ms
00:27:50.492 204 PUT /api/notes/7WL4d9psSIpB/data with 0 bytes took 1ms
00:27:51.500 204 PUT /api/notes/7WL4d9psSIpB/data with 0 bytes took 1ms
00:27:53.871 204 PUT /api/options with 0 bytes took 0ms
00:27:53.875 200 GET /api/notes/kd9RkEh8nbAI/blob with 837 bytes took 0ms
00:27:53.881 200 GET /api/notes/kd9RkEh8nbAI/metadata with 181 bytes took 0ms
00:27:53.881 200 GET /api/note-map/kd9RkEh8nbAI/backlink-count with 11 bytes took 0ms
00:27:55.197 204 PUT /api/options with 0 bytes took 0ms
00:27:55.201 200 GET /api/notes/7WL4d9psSIpB/blob with 778 bytes took 0ms
00:27:55.207 200 GET /api/notes/7WL4d9psSIpB/metadata with 181 bytes took 0ms
00:27:55.207 200 GET /api/note-map/7WL4d9psSIpB/backlink-count with 11 bytes took 0ms
00:27:58.562 200 GET /api/notes/kd9RkEh8nbAI/metadata with 181 bytes took 0ms
00:27:59.339 204 PUT /api/options with 0 bytes took 0ms
00:27:59.343 200 GET /api/notes/kd9RkEh8nbAI/blob with 837 bytes took 0ms
00:27:59.350 200 GET /api/notes/kd9RkEh8nbAI/metadata with 181 bytes took 0ms
00:27:59.350 200 GET /api/note-map/kd9RkEh8nbAI/backlink-count with 11 bytes took 0ms
00:28:00.733 204 PUT /api/notes/kd9RkEh8nbAI/data with 0 bytes took 1ms
00:28:01.502 200 GET /api/notes/7WL4d9psSIpB/metadata with 181 bytes took 0ms
00:28:02.221 204 PUT /api/options with 0 bytes took 0ms
00:28:02.226 200 GET /api/notes/fKg9czzL4Saq/blob with 2490 bytes took 0ms
00:28:02.232 200 GET /api/notes/fKg9czzL4Saq/metadata with 181 bytes took 0ms
00:28:02.232 200 GET /api/notes/fKg9czzL4Saq/attachments with 2 bytes took 0ms
00:28:02.233 200 GET /api/notes/fKg9czzL4Saq/attachments with 2 bytes took 0ms
00:28:02.233 200 GET /api/note-map/fKg9czzL4Saq/backlink-count with 11 bytes took 0ms
00:28:04.252 204 PUT /api/notes/fKg9czzL4Saq/data with 0 bytes took 1ms
00:28:05.260 204 PUT /api/notes/fKg9czzL4Saq/data with 0 bytes took 1ms
00:28:07.512 204 PUT /api/notes/fKg9czzL4Saq/data with 0 bytes took 1ms
00:28:08.526 204 PUT /api/notes/fKg9czzL4Saq/data with 0 bytes took 0ms
00:28:09.547 204 PUT /api/notes/fKg9czzL4Saq/data with 0 bytes took 1ms
00:28:09.552 204 PUT /api/notes/fKg9czzL4Saq/data with 0 bytes took 0ms
00:28:10.747 200 GET /api/notes/kd9RkEh8nbAI/metadata with 181 bytes took 0ms
00:28:11.774 204 PUT /api/notes/fKg9czzL4Saq/data with 0 bytes took 1ms
00:28:12.781 204 PUT /api/notes/fKg9czzL4Saq/data with 0 bytes took 1ms
00:28:14.188 204 PUT /api/notes/fKg9czzL4Saq/data with 0 bytes took 1ms
00:28:15.196 204 PUT /api/notes/fKg9czzL4Saq/data with 0 bytes took 1ms
00:28:15.840 204 PUT /api/options with 0 bytes took 1ms
00:28:15.844 200 GET /api/notes/qN2QN12ojjxZ/blob with 4120 bytes took 0ms
00:28:15.850 200 GET /api/notes/qN2QN12ojjxZ/metadata with 181 bytes took 0ms
00:28:15.851 200 GET /api/notes/qN2QN12ojjxZ/attachments with 2 bytes took 0ms
00:28:15.851 200 GET /api/notes/qN2QN12ojjxZ/attachments with 2 bytes took 0ms
00:28:15.851 200 GET /api/note-map/qN2QN12ojjxZ/backlink-count with 11 bytes took 0ms
00:28:17.666 204 PUT /api/notes/qN2QN12ojjxZ/data with 0 bytes took 2ms
00:28:18.675 204 PUT /api/notes/qN2QN12ojjxZ/data with 0 bytes took 1ms
00:28:19.686 204 PUT /api/notes/qN2QN12ojjxZ/data with 0 bytes took 1ms
00:28:19.693 204 PUT /api/notes/qN2QN12ojjxZ/data with 0 bytes took 1ms
00:28:21.549 204 PUT /api/notes/qN2QN12ojjxZ/data with 0 bytes took 1ms
00:28:22.558 204 PUT /api/notes/qN2QN12ojjxZ/data with 0 bytes took 1ms
00:28:23.897 204 PUT /api/notes/qN2QN12ojjxZ/data with 0 bytes took 1ms
00:28:24.909 204 PUT /api/notes/qN2QN12ojjxZ/data with 0 bytes took 1ms
00:28:25.199 200 GET /api/notes/fKg9czzL4Saq/metadata with 181 bytes took 0ms
00:28:26.197 204 PUT /api/notes/qN2QN12ojjxZ/data with 0 bytes took 1ms
00:28:27.207 204 PUT /api/notes/qN2QN12ojjxZ/data with 0 bytes took 1ms
00:28:28.321 204 PUT /api/notes/qN2QN12ojjxZ/data with 0 bytes took 1ms
00:28:29.330 204 PUT /api/notes/qN2QN12ojjxZ/data with 0 bytes took 1ms
00:28:29.976 204 PUT /api/options with 0 bytes took 0ms
00:28:29.980 200 GET /api/notes/yKQc7lLkMRm0/blob with 5647 bytes took 0ms
00:28:29.986 200 GET /api/notes/yKQc7lLkMRm0/metadata with 181 bytes took 0ms
00:28:29.987 200 GET /api/notes/yKQc7lLkMRm0/attachments with 2 bytes took 1ms
00:28:29.987 200 GET /api/notes/yKQc7lLkMRm0/attachments with 2 bytes took 0ms
00:28:29.987 200 GET /api/note-map/yKQc7lLkMRm0/backlink-count with 11 bytes took 0ms
00:28:31.827 Slow 204 PUT /api/notes/yKQc7lLkMRm0/data with 0 bytes took 52ms
00:28:32.842 204 PUT /api/notes/yKQc7lLkMRm0/data with 0 bytes took 5ms
00:28:33.852 204 PUT /api/notes/yKQc7lLkMRm0/data with 0 bytes took 1ms
00:28:33.862 204 PUT /api/notes/yKQc7lLkMRm0/data with 0 bytes took 0ms
00:28:35.785 204 PUT /api/notes/yKQc7lLkMRm0/data with 0 bytes took 1ms
00:28:36.796 204 PUT /api/notes/yKQc7lLkMRm0/data with 0 bytes took 1ms
00:28:38.501 204 PUT /api/notes/yKQc7lLkMRm0/data with 0 bytes took 1ms
00:28:39.336 200 GET /api/notes/qN2QN12ojjxZ/metadata with 181 bytes took 1ms
00:28:39.513 204 PUT /api/notes/yKQc7lLkMRm0/data with 0 bytes took 1ms
00:28:41.051 204 PUT /api/notes/yKQc7lLkMRm0/data with 0 bytes took 1ms
00:28:42.067 204 PUT /api/notes/yKQc7lLkMRm0/data with 0 bytes took 1ms
00:28:43.196 204 PUT /api/options with 0 bytes took 0ms
00:28:43.200 200 GET /api/notes/oC5zo34z8xId/blob with 9545 bytes took 0ms
00:28:43.206 200 GET /api/notes/oC5zo34z8xId/metadata with 181 bytes took 0ms
00:28:43.207 200 GET /api/notes/oC5zo34z8xId/attachments with 2 bytes took 0ms
00:28:43.207 200 GET /api/notes/oC5zo34z8xId/attachments with 2 bytes took 0ms
00:28:43.207 200 GET /api/note-map/oC5zo34z8xId/backlink-count with 11 bytes took 0ms
00:28:45.090 204 PUT /api/notes/oC5zo34z8xId/data with 0 bytes took 1ms
00:28:46.108 204 PUT /api/notes/oC5zo34z8xId/data with 0 bytes took 2ms
00:28:48.030 204 PUT /api/notes/oC5zo34z8xId/data with 0 bytes took 2ms
00:28:49.049 204 PUT /api/notes/oC5zo34z8xId/data with 0 bytes took 2ms
00:28:50.499 204 PUT /api/notes/oC5zo34z8xId/data with 0 bytes took 1ms
00:28:51.517 204 PUT /api/notes/oC5zo34z8xId/data with 0 bytes took 2ms
00:28:52.071 200 GET /api/notes/yKQc7lLkMRm0/metadata with 181 bytes took 0ms
00:28:53.459 204 PUT /api/notes/oC5zo34z8xId/data with 0 bytes took 1ms
00:28:54.476 204 PUT /api/notes/oC5zo34z8xId/data with 0 bytes took 1ms
00:28:59.544 204 PUT /api/notes/oC5zo34z8xId/data with 0 bytes took 2ms
00:29:00.561 204 PUT /api/notes/oC5zo34z8xId/data with 0 bytes took 1ms
00:29:03.810 204 PUT /api/options with 0 bytes took 1ms
00:29:03.814 200 GET /api/notes/6IAaWWzMwxxx/blob with 5581 bytes took 0ms
00:29:03.821 200 GET /api/notes/6IAaWWzMwxxx/metadata with 181 bytes took 0ms
00:29:03.821 200 GET /api/notes/6IAaWWzMwxxx/attachments with 2 bytes took 0ms
00:29:03.822 200 GET /api/notes/6IAaWWzMwxxx/attachments with 2 bytes took 1ms
00:29:03.822 200 GET /api/note-map/6IAaWWzMwxxx/backlink-count with 11 bytes took 0ms
00:29:05.999 204 PUT /api/notes/6IAaWWzMwxxx/data with 0 bytes took 1ms
00:29:07.012 204 PUT /api/notes/6IAaWWzMwxxx/data with 0 bytes took 1ms
00:29:08.073 204 PUT /api/notes/6IAaWWzMwxxx/data with 0 bytes took 1ms
00:29:09.085 204 PUT /api/notes/6IAaWWzMwxxx/data with 0 bytes took 1ms
00:29:10.563 200 GET /api/notes/oC5zo34z8xId/metadata with 181 bytes took 1ms
00:29:10.790 204 PUT /api/notes/6IAaWWzMwxxx/data with 0 bytes took 1ms
00:29:11.804 204 PUT /api/notes/6IAaWWzMwxxx/data with 0 bytes took 1ms
00:29:12.832 204 PUT /api/notes/6IAaWWzMwxxx/data with 0 bytes took 1ms
00:29:13.844 204 PUT /api/notes/6IAaWWzMwxxx/data with 0 bytes took 1ms
00:29:15.476 204 PUT /api/notes/6IAaWWzMwxxx/data with 0 bytes took 1ms
00:29:16.490 204 PUT /api/notes/6IAaWWzMwxxx/data with 0 bytes took 1ms
00:29:18.824 204 PUT /api/notes/6IAaWWzMwxxx/data with 0 bytes took 1ms
00:29:19.834 204 PUT /api/notes/6IAaWWzMwxxx/data with 0 bytes took 1ms
00:29:21.234 204 PUT /api/options with 0 bytes took 1ms
00:29:21.238 200 GET /api/notes/jAkifihVKiys/blob with 5367 bytes took 1ms
00:29:21.244 200 GET /api/notes/jAkifihVKiys/metadata with 181 bytes took 0ms
00:29:21.245 200 GET /api/notes/jAkifihVKiys/attachments with 2 bytes took 1ms
00:29:21.245 200 GET /api/notes/jAkifihVKiys/attachments with 2 bytes took 0ms
00:29:21.245 200 GET /api/note-map/jAkifihVKiys/backlink-count with 11 bytes took 0ms
00:29:23.988 204 PUT /api/notes/jAkifihVKiys/data with 0 bytes took 2ms
00:29:24.999 204 PUT /api/notes/jAkifihVKiys/data with 0 bytes took 1ms
00:29:26.538 204 PUT /api/notes/jAkifihVKiys/data with 0 bytes took 1ms
00:29:27.553 204 PUT /api/notes/jAkifihVKiys/data with 0 bytes took 1ms
00:29:28.919 204 PUT /api/notes/jAkifihVKiys/data with 0 bytes took 1ms
00:29:29.838 200 GET /api/notes/6IAaWWzMwxxx/metadata with 181 bytes took 0ms
00:29:29.931 204 PUT /api/notes/jAkifihVKiys/data with 0 bytes took 1ms
00:29:32.350 204 PUT /api/options with 0 bytes took 0ms
00:29:32.355 200 GET /api/notes/xLNYBdSGubAA/blob with 2959 bytes took 0ms
00:29:32.362 200 GET /api/notes/xLNYBdSGubAA/metadata with 181 bytes took 0ms
00:29:32.362 200 GET /api/notes/xLNYBdSGubAA/attachments with 2 bytes took 0ms
00:29:32.362 200 GET /api/notes/xLNYBdSGubAA/attachments with 2 bytes took 0ms
00:29:32.363 200 GET /api/note-map/xLNYBdSGubAA/backlink-count with 11 bytes took 1ms
00:29:34.544 Slow 204 PUT /api/notes/xLNYBdSGubAA/data with 0 bytes took 51ms
00:29:35.554 204 PUT /api/notes/xLNYBdSGubAA/data with 0 bytes took 6ms
00:29:36.559 204 PUT /api/notes/xLNYBdSGubAA/data with 0 bytes took 1ms
00:29:37.568 204 PUT /api/notes/xLNYBdSGubAA/data with 0 bytes took 1ms
00:29:38.619 204 PUT /api/notes/xLNYBdSGubAA/data with 0 bytes took 1ms
00:29:39.630 204 PUT /api/notes/xLNYBdSGubAA/data with 0 bytes took 1ms
00:29:39.936 200 GET /api/notes/jAkifihVKiys/metadata with 181 bytes took 0ms
00:29:41.036 204 PUT /api/options with 0 bytes took 0ms
00:29:41.040 200 GET /api/notes/v05kHY9zwVZy/blob with 4361 bytes took 0ms
00:29:41.046 200 GET /api/notes/v05kHY9zwVZy/metadata with 181 bytes took 0ms
00:29:41.046 200 GET /api/notes/v05kHY9zwVZy/attachments with 2 bytes took 0ms
00:29:41.046 200 GET /api/notes/v05kHY9zwVZy/attachments with 2 bytes took 0ms
00:29:41.047 200 GET /api/note-map/v05kHY9zwVZy/backlink-count with 11 bytes took 0ms
00:29:42.913 204 PUT /api/notes/v05kHY9zwVZy/data with 0 bytes took 2ms
00:29:43.922 204 PUT /api/notes/v05kHY9zwVZy/data with 0 bytes took 1ms
00:29:44.985 204 PUT /api/notes/v05kHY9zwVZy/data with 0 bytes took 1ms
00:29:45.998 204 PUT /api/notes/v05kHY9zwVZy/data with 0 bytes took 1ms
00:29:47.893 204 PUT /api/notes/v05kHY9zwVZy/data with 0 bytes took 1ms
00:29:48.902 204 PUT /api/notes/v05kHY9zwVZy/data with 0 bytes took 1ms
00:29:49.631 200 GET /api/notes/xLNYBdSGubAA/metadata with 181 bytes took 0ms
00:29:50.023 204 PUT /api/options with 0 bytes took 1ms
00:29:50.027 200 GET /api/notes/qTv63u3Jj94k/blob with 7120 bytes took 1ms
00:29:50.033 200 GET /api/notes/qTv63u3Jj94k/metadata with 181 bytes took 0ms
00:29:50.034 200 GET /api/notes/qTv63u3Jj94k/attachments with 2 bytes took 0ms
00:29:50.034 200 GET /api/notes/qTv63u3Jj94k/attachments with 2 bytes took 0ms
00:29:50.034 200 GET /api/note-map/qTv63u3Jj94k/backlink-count with 11 bytes took 0ms
00:29:51.965 204 PUT /api/notes/qTv63u3Jj94k/data with 0 bytes took 1ms
00:29:52.977 204 PUT /api/notes/qTv63u3Jj94k/data with 0 bytes took 1ms
00:29:53.988 204 PUT /api/notes/qTv63u3Jj94k/data with 0 bytes took 1ms
00:29:55.002 204 PUT /api/notes/qTv63u3Jj94k/data with 0 bytes took 1ms
00:29:56.018 204 PUT /api/notes/qTv63u3Jj94k/data with 0 bytes took 1ms
00:29:57.034 204 PUT /api/notes/qTv63u3Jj94k/data with 0 bytes took 1ms
00:29:58.906 200 GET /api/notes/v05kHY9zwVZy/metadata with 181 bytes took 0ms
00:29:58.947 204 PUT /api/notes/qTv63u3Jj94k/data with 0 bytes took 1ms
00:29:59.961 204 PUT /api/notes/qTv63u3Jj94k/data with 0 bytes took 1ms
00:30:01.160 204 PUT /api/notes/qTv63u3Jj94k/data with 0 bytes took 1ms
00:30:02.172 204 PUT /api/notes/qTv63u3Jj94k/data with 0 bytes took 1ms
00:30:03.286 204 PUT /api/notes/qTv63u3Jj94k/data with 0 bytes took 2ms
00:30:04.302 204 PUT /api/notes/qTv63u3Jj94k/data with 0 bytes took 1ms
00:30:06.833 204 PUT /api/notes/qTv63u3Jj94k/data with 0 bytes took 1ms
00:30:07.845 204 PUT /api/notes/qTv63u3Jj94k/data with 0 bytes took 1ms
00:30:09.728 204 PUT /api/notes/qTv63u3Jj94k/data with 0 bytes took 1ms
00:30:10.741 204 PUT /api/notes/qTv63u3Jj94k/data with 0 bytes took 1ms
00:30:11.800 204 PUT /api/notes/qTv63u3Jj94k/data with 0 bytes took 1ms
00:30:12.811 204 PUT /api/notes/qTv63u3Jj94k/data with 0 bytes took 1ms
00:30:17.404 204 PUT /api/branches/6ZKWkNedwrGX_nE9j2XF3Vzg9/expanded/0 with 0 bytes took 0ms
00:30:18.382 204 PUT /api/options with 0 bytes took 1ms
00:30:18.386 200 GET /api/notes/4Ws8bOGl70Sf/blob with 1736 bytes took 1ms
00:30:18.392 200 GET /api/notes/4Ws8bOGl70Sf/metadata with 181 bytes took 0ms
00:30:18.393 200 GET /api/note-map/4Ws8bOGl70Sf/backlink-count with 11 bytes took 0ms
00:30:20.003 204 PUT /api/options with 0 bytes took 0ms
00:30:20.007 200 GET /api/notes/36J3c58v4MNO/blob with 10385 bytes took 0ms
00:30:20.013 200 GET /api/notes/36J3c58v4MNO/metadata with 181 bytes took 0ms
00:30:20.014 200 GET /api/note-map/36J3c58v4MNO/backlink-count with 11 bytes took 0ms
00:30:20.808 200 GET /api/notes/abEALK9g8bja/blob with 7029 bytes took 0ms
00:30:20.815 200 GET /api/notes/abEALK9g8bja/metadata with 181 bytes took 0ms
00:30:20.816 200 GET /api/notes/abEALK9g8bja/attachments with 2 bytes took 0ms
00:30:20.816 200 GET /api/notes/abEALK9g8bja/attachments with 2 bytes took 0ms
00:30:20.816 200 GET /api/note-map/abEALK9g8bja/backlink-count with 11 bytes took 0ms
00:30:21.011 204 PUT /api/options with 0 bytes took 0ms
00:30:21.834 200 GET /api/notes/36J3c58v4MNO/blob with 10385 bytes took 0ms
00:30:21.841 200 GET /api/notes/36J3c58v4MNO/metadata with 181 bytes took 1ms
00:30:21.841 200 GET /api/note-map/36J3c58v4MNO/backlink-count with 11 bytes took 0ms
00:30:22.016 204 PUT /api/options with 0 bytes took 0ms
00:30:22.816 200 GET /api/notes/qTv63u3Jj94k/metadata with 181 bytes took 0ms
00:30:23.711 204 PUT /api/options with 0 bytes took 1ms
00:30:23.715 200 GET /api/notes/abEALK9g8bja/blob with 7029 bytes took 1ms
00:30:23.722 200 GET /api/notes/abEALK9g8bja/metadata with 181 bytes took 0ms
00:30:23.722 200 GET /api/note-map/abEALK9g8bja/backlink-count with 11 bytes took 0ms
00:30:24.363 200 GET /api/notes/zWRU0NI2swTf/blob with 5915 bytes took 0ms
00:30:24.371 200 GET /api/notes/zWRU0NI2swTf/metadata with 181 bytes took 1ms
00:30:24.371 200 GET /api/note-map/zWRU0NI2swTf/backlink-count with 11 bytes took 0ms
00:30:24.722 204 PUT /api/options with 0 bytes took 0ms
00:30:29.278 204 PUT /api/options with 0 bytes took 0ms
00:30:29.282 200 GET /api/notes/n8WTTI8sT3PT/blob with 11947 bytes took 0ms
00:30:29.289 200 GET /api/notes/n8WTTI8sT3PT/metadata with 181 bytes took 1ms
00:30:29.289 200 GET /api/note-map/n8WTTI8sT3PT/backlink-count with 11 bytes took 0ms
00:30:54.832 204 PUT /api/notes/n8WTTI8sT3PT/data with 0 bytes took 2ms
00:30:56.868 204 PUT /api/notes/n8WTTI8sT3PT/data with 0 bytes took 1ms
00:30:58.354 204 PUT /api/notes/n8WTTI8sT3PT/data with 0 bytes took 1ms
00:31:08.357 200 GET /api/notes/n8WTTI8sT3PT/metadata with 181 bytes took 0ms
00:31:19.105 204 PUT /api/notes/n8WTTI8sT3PT/data with 0 bytes took 1ms
00:31:20.118 204 PUT /api/notes/n8WTTI8sT3PT/data with 0 bytes took 1ms
00:31:20.130 204 PUT /api/notes/n8WTTI8sT3PT/data with 0 bytes took 0ms
00:31:20.139 204 PUT /api/notes/n8WTTI8sT3PT/data with 0 bytes took 1ms
00:31:20.146 204 PUT /api/notes/n8WTTI8sT3PT/data with 0 bytes took 0ms
00:31:21.208 Slow 204 PUT /api/notes/n8WTTI8sT3PT/data with 0 bytes took 46ms
00:31:21.209 204 PUT /api/notes/n8WTTI8sT3PT/data with 0 bytes took 1ms
00:31:21.209 204 PUT /api/notes/n8WTTI8sT3PT/data with 0 bytes took 0ms
00:31:24.429 204 PUT /api/notes/n8WTTI8sT3PT/data with 0 bytes took 6ms
00:31:25.443 204 PUT /api/notes/n8WTTI8sT3PT/data with 0 bytes took 1ms
00:31:28.264 204 PUT /api/branches/root_6ZKWkNedwrGX/expanded/0 with 0 bytes took 0ms
00:31:29.112 204 PUT /api/options with 0 bytes took 0ms
00:31:29.124 200 GET /api/notes/root/metadata with 181 bytes took 0ms
00:31:29.126 200 GET /api/note-map/root/backlink-count with 11 bytes took 0ms
00:31:29.127 200 GET /api/search/note.parents.noteId%3D%22root%22%20%23!archived with 41 bytes took 1ms
00:31:34.016 Sending message to all clients: {"type":"taskProgressCount","taskId":"AvveWtHJkh","taskType":"export","data":null,"progressCount":0}
00:31:34.019 Exporting note 'root'
00:31:34.019 Exporting note 'DPWeatDioCdv'
00:31:34.019 Exporting note 'YTnaElHb7aaD'
00:31:34.021 Exporting note 'L3jUIbZzy3gz'
00:31:34.021 Exporting note 'gKNvJT5d8sbd'
00:31:34.022 Exporting note 'tSYa33YKDteG'
00:31:34.022 Exporting note 'FfQcgEku23AD'
00:31:34.023 Exporting note 'VOz2JHms2bVx'
00:31:34.023 Exporting note 'LB0ABaeBRPH0'
00:31:34.023 Exporting note 'ugTXmQvaHJlF'
00:31:34.024 Exporting note 'tEB1iaUYBKlz'
00:31:34.025 Exporting note 'oTeBio9XaLcg'
00:31:34.025 Exporting note 'MV7ksT7myawx'
00:31:34.025 Exporting note 'ub0pkqfj1o1A'
00:31:34.025 Exporting note 'hr2YVhBitIm8'
00:31:34.025 Exporting note 'jyoWyE6Nwx7i'
00:31:34.025 Exporting note 'YM5Bo8dUpXUi'
00:31:34.026 Exporting note '1f6Moj3YPEC9'
00:31:34.026 Exporting note '4EMCSKdTuAwc'
00:31:34.026 Exporting note 'iNIQ0LqbZvs2'
00:31:34.026 Exporting note '1qJtedG8UUn0'
00:31:34.026 Exporting note 'S3nHOdkuQUqL'
00:31:34.026 Exporting note 'q7v06kJVrKve'
00:31:34.026 Exporting note 'EbV431pnXE5u'
00:31:34.027 Exporting note 'vsYssUQRfp5c'
00:31:34.027 Exporting note 'wIQw4pIF7xJy'
00:31:34.027 Exporting note 'ehCTqmY8bPXo'
00:31:34.028 Exporting note 'Mg9ZmmaBMUGj'
00:31:34.028 Exporting note 'eRApxrrPrHH0'
00:31:34.028 Exporting note 'IdWDQI4kC8ms'
00:31:34.029 Exporting note 'TeUJb38kB132'
00:31:34.029 Exporting note 'S8Ag6fDAG97s'
00:31:34.029 Exporting note 'eJZGRx4TLJya'
00:31:34.030 Exporting note 'vH9mOS4KaPdl'
00:31:34.030 Exporting note 'zOCISGCVs2ZP'
00:31:34.030 Exporting note 'KgRroUolTt9U'
00:31:34.030 Exporting note 'w4zeXHaLZnoz'
00:31:34.031 Exporting note 'WYXQA2daPiPP'
00:31:34.031 Exporting note 'VfCgNgQnf7OW'
00:31:34.031 Exporting note 'vvX99GF6Zin0'
00:31:34.031 Exporting note 'Yjbj3Ugmx1Eo'
00:31:34.032 Exporting note '62jbqVeW75TA'
00:31:34.032 Exporting note 'mZSeoHJ3BRXI'
00:31:34.032 Exporting note 'HsVCPfRA6Y7g'
00:31:34.032 Exporting note 'afrIHFfbMS0b'
00:31:34.032 Exporting note 'OXYhU5HulFAV'
00:31:34.033 Exporting note '9DSP9ZZhS79Y'
00:31:34.033 Exporting note '58d9jKJ1pzTI'
00:31:34.033 Exporting note 'p3EjTFIJw3dL'
00:31:34.033 Exporting note 'wFGAlLzkKDIJ'
00:31:34.034 Exporting note 'NDfiV9sXLjFY'
00:31:34.034 Exporting note 'M0r3oayNkcmk'
00:31:34.034 Exporting note 'AT8dkKwriK3l'
00:31:34.034 Exporting note 'XPsc9ZFdXF6N'
00:31:34.034 Exporting note 'e997BtixC27x'
00:31:34.035 Exporting note 'EITOpy7VZvw5'
00:31:34.035 Exporting note 'TIZhdXinv1dp'
00:31:34.035 Exporting note 'PYOyAtsL3Ktp'
00:31:34.036 Exporting note 'H4CULUrJbpOv'
00:31:34.036 Exporting note 'auCaySmIwCTi'
00:31:34.037 Exporting note 'QYljuNPeTlkc'
00:31:34.037 Exporting note 'LjcPGAnb13Sb'
00:31:34.037 Exporting note 'LmpQkUtV4y5e'
00:31:34.037 Exporting note 'GSWMTD7URagp'
00:31:34.038 Exporting note 'CG17bJkZPvJh'
00:31:34.038 Exporting note 'jciXxon5IBNL'
00:31:34.038 Exporting note '6ZKWkNedwrGX'
00:31:34.038 Exporting note 'pJ8m4NtyAaYz'
00:31:34.040 Exporting note 'oLclqC0bnFJE'
00:31:34.045 Exporting note '7SRWybuaeni8'
00:31:34.053 Exporting note 'ryOPNnX89y86'
00:31:34.064 Exporting note 'OT5HYYmuHxxy'
00:31:34.064 Exporting note 'bdWUwPf4bqAu'
00:31:34.065 Exporting note 'pzs2XQErQdE7'
00:31:34.071 Exporting note 'rrr6FOK18iTl'
00:31:34.072 Exporting note 'Oriq1auxZZpS'
00:31:34.089 Exporting note 'n8WTTI8sT3PT'
00:31:34.092 Exporting note 'zWRU0NI2swTf'
00:31:34.099 Exporting note 'abEALK9g8bja'
00:31:34.115 Exporting note '36J3c58v4MNO'
00:31:34.146 Exporting note '4Ws8bOGl70Sf'
00:31:34.147 Exporting note 'nE9j2XF3Vzg9'
00:31:34.147 Exporting note 'W8rf8cSwRwJp'
00:31:34.147 Exporting note 'DWCdJhUsYNKD'
00:31:34.149 Exporting note 'jUGJqJDbAe9p'
00:31:34.150 Exporting note 'RGcnNDfxWnz0'
00:31:34.150 Exporting note 'NIPdkaeyPw0g'
00:31:34.151 Exporting note 'QWzJSEKDwKHX'
00:31:34.151 Exporting note 'AEXqBDHe1R9i'
00:31:34.152 Exporting note 'm9lymkonnaAn'
00:31:34.152 Exporting note 'Wv2McZfKZxGR'
00:31:34.152 Exporting note 'JkGICY44NmNh'
00:31:34.152 Exporting note '7WL4d9psSIpB'
00:31:34.153 Exporting note 'kd9RkEh8nbAI'
00:31:34.153 Exporting note 'fKg9czzL4Saq'
00:31:34.155 Exporting note 'qN2QN12ojjxZ'
00:31:34.159 Exporting note 'yKQc7lLkMRm0'
00:31:34.161 Exporting note 'oC5zo34z8xId'
00:31:34.173 Exporting note '6IAaWWzMwxxx'
00:31:34.177 Exporting note 'jAkifihVKiys'
00:31:34.181 Exporting note 'xLNYBdSGubAA'
00:31:34.183 Exporting note 'v05kHY9zwVZy'
00:31:34.185 Exporting note 'qTv63u3Jj94k'
00:31:34.232 Sending message to all clients: {"type":"taskSucceeded","taskId":"AvveWtHJkh","taskType":"export","data":null,"result":null}
00:31:35.446 200 GET /api/notes/n8WTTI8sT3PT/metadata with 181 bytes took 0ms
00:34:07.351 204 PUT /api/branches/root_6ZKWkNedwrGX/expanded/1 with 0 bytes took 1ms
00:34:09.511 204 PUT /api/options with 0 bytes took 1ms
00:34:09.516 200 GET /api/notes/n8WTTI8sT3PT/blob with 11532 bytes took 1ms
00:34:09.523 200 GET /api/notes/n8WTTI8sT3PT/metadata with 181 bytes took 0ms
00:34:09.524 200 GET /api/search/note.parents.noteId%3D%22n8WTTI8sT3PT%22%20%23!archived with 2 bytes took 1ms
00:34:09.524 200 GET /api/note-map/n8WTTI8sT3PT/backlink-count with 11 bytes took 0ms
00:34:30.198 204 PUT /api/notes/n8WTTI8sT3PT/data with 0 bytes took 2ms
00:34:40.200 200 GET /api/notes/n8WTTI8sT3PT/metadata with 181 bytes took 0ms
00:35:39.430 204 PUT /api/options with 0 bytes took 1ms
00:35:39.433 200 GET /api/notes/7SRWybuaeni8/blob with 13235 bytes took 0ms
00:35:39.440 200 GET /api/notes/7SRWybuaeni8/metadata with 181 bytes took 0ms
00:35:39.440 200 GET /api/note-map/7SRWybuaeni8/backlink-count with 11 bytes took 0ms
00:35:40.155 200 GET /api/notes/OT5HYYmuHxxy/blob with 904 bytes took 0ms
00:35:40.163 200 GET /api/notes/OT5HYYmuHxxy/metadata with 181 bytes took 0ms
00:35:40.163 200 GET /api/notes/OT5HYYmuHxxy/attachments with 2 bytes took 0ms
00:35:40.163 200 GET /api/notes/OT5HYYmuHxxy/attachments with 2 bytes took 0ms
00:35:40.164 200 GET /api/note-map/OT5HYYmuHxxy/backlink-count with 11 bytes took 0ms
00:35:40.442 204 PUT /api/options with 0 bytes took 0ms
00:35:49.773 204 PUT /api/notes/OT5HYYmuHxxy/data with 0 bytes took 2ms
00:35:50.778 204 PUT /api/notes/OT5HYYmuHxxy/data with 0 bytes took 1ms
00:35:56.996 204 PUT /api/notes/OT5HYYmuHxxy/data with 0 bytes took 1ms
00:35:58.003 204 PUT /api/notes/OT5HYYmuHxxy/data with 0 bytes took 1ms
00:35:59.189 204 PUT /api/notes/OT5HYYmuHxxy/data with 0 bytes took 1ms
00:36:00.196 204 PUT /api/notes/OT5HYYmuHxxy/data with 0 bytes took 1ms
00:36:10.197 200 GET /api/notes/OT5HYYmuHxxy/metadata with 181 bytes took 0ms
00:36:33.338 204 PUT /api/notes/OT5HYYmuHxxy/data with 0 bytes took 2ms
00:36:34.341 204 PUT /api/notes/OT5HYYmuHxxy/data with 0 bytes took 1ms
00:36:34.342 204 PUT /api/notes/OT5HYYmuHxxy/data with 0 bytes took 0ms
00:36:34.342 204 PUT /api/notes/OT5HYYmuHxxy/data with 0 bytes took 0ms
00:36:34.343 204 PUT /api/notes/OT5HYYmuHxxy/data with 0 bytes took 0ms
00:36:34.344 204 PUT /api/notes/OT5HYYmuHxxy/data with 0 bytes took 0ms
00:36:35.352 204 PUT /api/notes/OT5HYYmuHxxy/data with 0 bytes took 1ms
00:36:35.353 204 PUT /api/notes/OT5HYYmuHxxy/data with 0 bytes took 0ms
00:36:35.353 204 PUT /api/notes/OT5HYYmuHxxy/data with 0 bytes took 0ms
00:36:35.354 204 PUT /api/notes/OT5HYYmuHxxy/data with 0 bytes took 0ms
00:36:35.355 204 PUT /api/notes/OT5HYYmuHxxy/data with 0 bytes took 0ms
00:36:36.366 204 PUT /api/notes/OT5HYYmuHxxy/data with 0 bytes took 1ms
00:36:36.366 204 PUT /api/notes/OT5HYYmuHxxy/data with 0 bytes took 0ms
00:36:37.372 204 PUT /api/notes/OT5HYYmuHxxy/data with 0 bytes took 1ms
00:36:37.372 204 PUT /api/notes/OT5HYYmuHxxy/data with 0 bytes took 0ms
00:36:38.379 204 PUT /api/notes/OT5HYYmuHxxy/data with 0 bytes took 1ms
00:36:38.380 204 PUT /api/notes/OT5HYYmuHxxy/data with 0 bytes took 0ms
00:36:39.388 204 PUT /api/notes/OT5HYYmuHxxy/data with 0 bytes took 1ms
00:36:40.396 204 PUT /api/notes/OT5HYYmuHxxy/data with 0 bytes took 1ms
00:36:41.405 204 PUT /api/notes/OT5HYYmuHxxy/data with 0 bytes took 1ms
00:36:42.411 204 PUT /api/notes/OT5HYYmuHxxy/data with 0 bytes took 2ms
00:36:42.411 204 PUT /api/notes/OT5HYYmuHxxy/data with 0 bytes took 0ms
00:36:43.417 204 PUT /api/notes/OT5HYYmuHxxy/data with 0 bytes took 1ms
00:36:43.417 204 PUT /api/notes/OT5HYYmuHxxy/data with 0 bytes took 0ms
00:36:43.418 204 PUT /api/notes/OT5HYYmuHxxy/data with 0 bytes took 0ms
00:36:53.286 204 PUT /api/notes/OT5HYYmuHxxy/data with 0 bytes took 1ms
00:36:54.292 204 PUT /api/notes/OT5HYYmuHxxy/data with 0 bytes took 1ms
00:36:54.294 204 PUT /api/notes/OT5HYYmuHxxy/data with 0 bytes took 0ms
00:36:54.296 204 PUT /api/notes/OT5HYYmuHxxy/data with 0 bytes took 1ms
00:36:54.297 204 PUT /api/notes/OT5HYYmuHxxy/data with 0 bytes took 0ms
00:36:55.307 204 PUT /api/notes/OT5HYYmuHxxy/data with 0 bytes took 1ms
00:36:55.307 204 PUT /api/notes/OT5HYYmuHxxy/data with 0 bytes took 0ms
00:36:55.310 204 PUT /api/notes/OT5HYYmuHxxy/data with 0 bytes took 0ms
00:36:56.316 204 PUT /api/notes/OT5HYYmuHxxy/data with 0 bytes took 1ms
00:36:56.318 204 PUT /api/notes/OT5HYYmuHxxy/data with 0 bytes took 0ms
00:36:58.359 204 PUT /api/notes/OT5HYYmuHxxy/data with 0 bytes took 1ms
00:36:59.365 204 PUT /api/notes/OT5HYYmuHxxy/data with 0 bytes took 1ms
00:37:00.373 204 PUT /api/notes/OT5HYYmuHxxy/data with 0 bytes took 1ms
00:37:01.382 204 PUT /api/notes/OT5HYYmuHxxy/data with 0 bytes took 1ms
00:37:11.383 200 GET /api/notes/OT5HYYmuHxxy/metadata with 181 bytes took 0ms
00:37:22.416 204 PUT /api/options with 0 bytes took 1ms
00:37:22.421 200 GET /api/notes/bdWUwPf4bqAu/blob with 800 bytes took 1ms
00:37:22.428 200 GET /api/notes/bdWUwPf4bqAu/metadata with 181 bytes took 0ms
00:37:22.428 200 GET /api/notes/bdWUwPf4bqAu/attachments with 2 bytes took 0ms
00:37:22.428 200 GET /api/notes/bdWUwPf4bqAu/attachments with 2 bytes took 0ms
00:37:22.428 200 GET /api/note-map/bdWUwPf4bqAu/backlink-count with 11 bytes took 0ms
00:37:23.601 204 PUT /api/options with 0 bytes took 0ms
00:37:23.606 200 GET /api/notes/pzs2XQErQdE7/blob with 11718 bytes took 1ms
00:37:23.612 200 GET /api/notes/pzs2XQErQdE7/metadata with 181 bytes took 0ms
00:37:23.612 200 GET /api/notes/pzs2XQErQdE7/attachments with 2 bytes took 0ms
00:37:23.612 200 GET /api/notes/pzs2XQErQdE7/attachments with 2 bytes took 0ms
00:37:23.613 200 GET /api/note-map/pzs2XQErQdE7/backlink-count with 11 bytes took 0ms
00:37:27.069 204 PUT /api/options with 0 bytes took 1ms
00:37:27.073 200 GET /api/notes/zWRU0NI2swTf/blob with 5915 bytes took 0ms
00:37:27.080 200 GET /api/notes/zWRU0NI2swTf/metadata with 181 bytes took 0ms
00:37:27.080 200 GET /api/note-map/zWRU0NI2swTf/backlink-count with 11 bytes took 0ms
00:37:37.880 204 PUT /api/options with 0 bytes took 1ms
00:37:37.884 200 GET /api/notes/pzs2XQErQdE7/blob with 11718 bytes took 0ms
00:37:37.893 200 GET /api/notes/pzs2XQErQdE7/metadata with 181 bytes took 1ms
00:37:37.893 200 GET /api/note-map/pzs2XQErQdE7/backlink-count with 11 bytes took 0ms
00:39:33.165 204 PUT /api/options with 0 bytes took 0ms
00:39:33.171 200 GET /api/notes/rrr6FOK18iTl/blob with 6937 bytes took 0ms
00:39:33.179 200 GET /api/notes/rrr6FOK18iTl/metadata with 181 bytes took 0ms
00:39:33.180 200 GET /api/notes/rrr6FOK18iTl/attachments with 2 bytes took 0ms
00:39:33.180 200 GET /api/notes/rrr6FOK18iTl/attachments with 2 bytes took 0ms
00:39:33.180 200 GET /api/note-map/rrr6FOK18iTl/backlink-count with 11 bytes took 0ms
00:39:45.464 204 PUT /api/options with 0 bytes took 0ms
00:39:45.468 200 GET /api/notes/Oriq1auxZZpS/blob with 8102 bytes took 0ms
00:39:45.475 200 GET /api/notes/Oriq1auxZZpS/metadata with 181 bytes took 1ms
00:39:45.475 200 GET /api/notes/Oriq1auxZZpS/attachments with 2 bytes took 0ms
00:39:45.475 200 GET /api/notes/Oriq1auxZZpS/attachments with 2 bytes took 0ms
00:39:45.475 200 GET /api/note-map/Oriq1auxZZpS/backlink-count with 11 bytes took 0ms
